collatz(1): 1
collatz(2): 2
collatz(3): 8
collatz(4): 3
collatz(5): 6
collatz(6): 9
collatz(7): 17
collatz(8): 4
collatz(9): 20
collatz(10): 7
collatz(11): 15
collatz(12): 10
collatz(13): 10
collatz(14): 18
collatz(15): 18
collatz(16): 5
collatz(17): 13
collatz(18): 21
collatz(19): 21
collatz(20): 8
collatz(21): 8
collatz(22): 16
collatz(23): 16
collatz(24): 11
collatz(25): 24
collatz(26): 11
collatz(27): 112
collatz(28): 19
collatz(29): 19
collatz(30): 19
collatz(31): 107
collatz(32): 6
collatz(33): 27
collatz(34): 14
collatz(35): 14
collatz(36): 22
collatz(37): 22
collatz(38): 22
collatz(39): 35
collatz(40): 9
collatz(41): 110
collatz(42): 9
collatz(43): 30
collatz(44): 17
collatz(45): 17
collatz(46): 17
collatz(47): 105
collatz(48): 12
collatz(49): 25
collatz(50): 25
collatz(51): 25
collatz(52): 12
collatz(53): 12
collatz(54): 113
collatz(55): 113
collatz(56): 20
collatz(57): 33
collatz(58): 20
collatz(59): 33
collatz(60): 20
collatz(61): 20
collatz(62): 108
collatz(63): 108
collatz(64): 7
collatz(65): 28
collatz(66): 28
collatz(67): 28
collatz(68): 15
collatz(69): 15
collatz(70): 15
collatz(71): 103
collatz(72): 23
collatz(73): 116
collatz(74): 23
collatz(75): 15
collatz(76): 23
collatz(77): 23
collatz(78): 36
collatz(79): 36
collatz(80): 10
collatz(81): 23
collatz(82): 111
collatz(83): 111
collatz(84): 10
collatz(85): 10
collatz(86): 31
collatz(87): 31
collatz(88): 18
collatz(89): 31
collatz(90): 18
collatz(91): 93
collatz(92): 18
collatz(93): 18
collatz(94): 106
collatz(95): 106
collatz(96): 13
collatz(97): 119
collatz(98): 26
collatz(99): 26
